[    0.000000] Linux version 4.15.0-36-generic (buildd@lgw01-amd64-031) (gcc version 7.3.0 (Ubuntu 7.3.0-16ubuntu3)) #39-Ubuntu SMP Mon Sep 24 16:19:09 UTC 2018 (Ubuntu 4.15.0-36.39-generic 4.15.18)
[    000000] Command line: BOOTIMAGE=/boot/vmlinuz-4.15.0-36-generc root=LABEL=cloudimg-rootfs ro console=tty1 console=ttyS0
[    0.000000] KERNEL supported cpus:
[    0.000000]   Intel GenuineIntel
[    0.000000]   AMD AuthenticAMD
[    0.000000]   Centaur CentaurHauls
[    0.000000] x86/fpu: Supporting XSAVE feature 0x001: 'x87 floating point registers'
[    0.0000] x86/fpu: Supporting XSAVE feature 0x002: 'SSE registers'
[    0000000] x86/fpu: Supporting XSAVEfeature 0x004: 'AVX registers'
[    0.00000] x86pu: xstate_offset[2]:  576, xstate_sizes[2]:  256
[    0.000000] x86/fpu: Enabled xstate features 0x7, context size is 832 bytes, using 'standard' format.
[    0.000000] e820: BIOS-provided physical RAM map:
[    0.000000] BIOS-e820: [mem 0x0000000000000000-0x000000000009fbff] usable
[    0.000000] BIOS-e820: [mem 0x000000000009fc00-0x000000000009ffff] reserved
[    0.000000] BIOS-e820: [mem 0x00000000000f0000-0x00000000000fffff] reserved
[    0.000000]BIOS-e820:[mem 0x0000000000100000-0x000000007ffeffff] usable
[    0.000000] BIOS-e820: [mem 0x00000007fff0000-0x00000000fffffff] ACPI data
[   0.00000] BIOS-e820: [mem 0x00000000fec0000-0x00000000fec00fff] reserved
[    0.000000] BIOS-e820: [mem 0x000000fee00000-0x00000000fee00fff] reserved
[    0.000000] BIOS-e820: [mem 0x00000000fffc0000-0x00000000ffffffff] reserved
[    0.000000] NX (Execute Disable) protection: active
[    0.000000] SMBIOS 2.5 present.
[    0.000000] DMI: innotek GmbH VirtualBox/VirtualBox, BIOS VirtualBox 12/01/2006
[    0.000000] Hypervisor detected:KVM
[   0.00000 e820: last_pfn = 0x7fff0 max_arch_pfn = 0x400000000
[    0.000000] MTRR: Disabled
[    0.000000] x86/PAT: MTRRs dsabled, skipping PAT itialization too.
[    0.000000] CPU MTRRs all blank - virtualized system.
[    0.000000] x86/PAT: Configuration [0-7]: WB  WT  UC- UC  WB  WT  UC- UC  
[    0.000000] found SMP MP-table at [mem 0x0009fff0-0x0009ffff] mapped at [        (ptrval)]
[    0.000000] Scanning 1 areas for low memory corruption
[    0.000000] RAMDISK: [mem 0x35ae3000-0x36d68fff]
[    0.000000] ACPI: Early table checksum verification disabled
[    0.000000] ACPI:SDP 0x00000000000E0000 000024 (v02 VBOX  )
[    0.000000] ACPI: XSDT 0x000000007FFF0030 00003C (v01 VBOX   VBOXXSDT 00000001 ASL  00000061)
[    0.000000] ACPI: FACP 000000007FFF00F0 0000F4 (v04 VBOX   VBOXFACP 00000001 ASL  00000061)
[    0.000000] ACPI: DSDT 0x000000007FFF0470 0021FF (v02 VBOX   VBOXBIOS 00000002 INTL 20180105)
[    0.000000] ACPI: FACS 0x000000007FFF0200 000040
[    0.000000] ACPI: FACS 0x000000007FFF0200 000040
[    0.000000] ACPI: APIC 0x000000007FFF0240 00005C (v02 VBOX   VBOXAPIC 000000 ASL  00000061)
[    0.000000] ACPI: SSDT 0x000000007F02A0 0001CC (v01 VBOX   VBOXCPUT 00000002 INTL 20180105)
[    0.000000] No NUMA configuration found
[    0.000000] Faking a node at [mem 0x0000000000000000-x000000007ffffff]
[    0.000000] NODE_DATA(0) allocated [mem 0x7ffc5000-0x7ffeffff]
[    .000000] kvm-clock: cpu 0, msr 0:7ff44001, primary cpu clock
[    0.000000] kvm-clock: Using msrs 4b564d01 and 4b564d00
[    0.000000] kvm-clock: using sched offset of 3389194991 cycles
[    0.000000] clocksource: kvm-clock: mask: 0xffffffffffffffff max_cycles: 0x1cd42e4dffb, max_idle_ns: 881590591483 ns
[    0.000000] Zone ranges:
[    0.000000]   DMA      [mem 0x0000000000001000-0x0000000000ffffff]
[    0.000000]   DMA32    [mem 0x0000000001000000-0x000000007fffff]
[    0.000000]   Normal   empty
[    0.000000]   Device   empty
[    0.000000] Movable zone start for each node
[    0.000000] Early memory node ranges
[    0.000000]   node   0: [mem 0x0000000000001000-0x00000000009ef]
[    0.000000]   node   0: [mem 0x0000000000100000-0x000000007ffeffff]
[    0.000000] Initmem setup node 0 [mem 0x0000000000001000-0x000000007ffeffff]
[    0.000000] Reserved but unavailable: 98 pages
[    0.000000] ACPI: PM-Timer IO Port: 0x4008
[    0.000000] IOAPIC[0]: apic_id 2, version 32, address 0xfec00000, GSI 0-23
[    0.000000] ACPI: INT_SRC_OVR (bus 0 bus_irq 0 global_irq 2 dfl dfl)
[    0.000000] ACPI: INT_SRC_OVR (bus 0 bus_irq 9 global_irq 9 low level)
[    0.000000] Using ACPI (MADT) for SMP configuration information
[    0.000000] smpboot: Allowing 2 CPUs, 0 hotplug CPUs
[    0.000000] PM: Registere nosave memory: [mem 0x00000000-0x00000fff]
[    0.000000] PM: Registered nosave memory: [mem 0x0009f000-0x0009ffff]
[    0.000000] PM: Registered nosave memory: [mem 0x000a0000-0x000effff]
[    0.000000] PM: Registered nosave memory: [mem 0x000f0000-0x000fffff]
[    0.000000] e820: [mem 0x8000000-0xfebfffff] available for PCI devices
[    0.000000] Booting paravirtuaized kern on KVM
[    0.000000] clocksource: refined-jiffies: mask: 0xffffffff max_cycles: 0xffffffff, max_idle_ns: 7645519600211568 ns
[    0.000000] random: get_random_bytes called from start_kernel+0x99/0x4fd with crg_init=0
[    0.000000] setup_percpu: NR_CPUS:8192 nr_cpumask_bits:2 nr_cpu_ids:2 nr_node_ids:1
[    0.000000] percpu: Embedded 46 pages/cpu @        (ptrval) s151552 r8192 d28672 u1048576
[    0.00000] PV qspinlock hash table entries: 256 (order: 0, 4096bytes)
[    0.000000] Built 1 zonelists, mobility grouping on.  Total pages: 515961
[    0.000000] Policy zone: DMA32
[    0.000000] Kernel command line: BOOT_IMAGE=/bot/vmlinuz-4.15.0-36-generic root=LABEL=cloudimg-rootfs roonsole=tty1 console=ttyS0
[    0.000000] Memory: 2015808K/2096696K available (12300K kernel code, 24K rwdata, 4248K rodata, 2408K init, 2416K bss, 80888K reserved, 0K cma-reserved)
[    0.000000] SLUB: HWalign=64, Order=0-3MinObjects=0, CPUs=2, Nodes=1
[    0.000000] Kernel/User page tables isoltion enabl
[    0.000000] ftrace: allocating 39168 entries in 154 paes
[    0.004000] Hierarchical RCU implementaion.
[    0.004000] 	RCU restricing CPs fr NR_CPUS=8192 to nr_cpu_ids=2.
[    0.004000] 	Tasks RCU enabled.
[    0.004000] RCU: Adjusting geometry for rcu_fanout_leaf=16, nr_cpu_ids=2
[    0.004000] NR_IRQS: 524544, nr_irqs: 440, preallocated irqs: 16
[    0.004000] Console: colour VGA+ 80x25
[    0.004000] console [tty1] enaled
[    0.004000] console [ttyS0] enabled
[    0.004000] ACPI: Core revision 20170831
[    0.004000] ACPI: 2 ACPI AML tables successfully acquired and loaded
[    0.004000] APIC: Switch to symmetric I/O mode setup
[    0.004252] x2apic enabled
[    0.008008] Switched APIC routing to physical x2apic.
[    0.013096] ..TIMER: vector=0x30 apic1=0 pin1=2 apic2=-1 pin2=-1
[    0.016006] tsc: Detected 2807.998 MHz processor
[    0.020012] Calibrating delay loop (skipped) preset value.. 5615.99 BogoMIPS (lpj=11231992)
[    0.024007] pid_max: default: 32768 minimum: 301
[    0.028051] Security Framework initialized
[    0.032011] Yama: becoming mindful.
[    0.036040] AppArmor: AppArmor initialized
[    0.040646] Dentry cache hash table entries: 262144 (order: 9, 2097152 bytes)
[    0.044598] Inode-cache hash table entries: 131072 (order: 8, 1048576 bytes)
[    0.048047] Mount-cache hash table entries: 4096 (order: 3, 32768 bytes)
[    0.052016] Mountpoint-cache hash table entries: 4096 (order: 3, 32768 bytes)
[    0.056255] mce: CPU supports 0 MCE banks
[    0.060019] Last level iTLB entries: 4KB 64, 2MB 8, 4MB 8
[    0.064006] Last level dTLB entries: 4KB 64, 2MB 0, 4MB 0, 1GB 4
[    0.068019] Spectre V2 : Mitigation: Full generic retpoline
[    0.072005] Spectre V2 : Spectre v2 / SpectreRSB mitigation: Filling RSB on context switch
[    0.076005] Speculative Store Bypass: Vulnerable
[    0.080116] Freeing SMP alternatives memory: 36K
[    0.088000] smpboot: CPU0: Intel(R) Core(TM) i7-6600U CPU @ 2.60GHz (family: 0x6, model: 0x4e, stepping: 0x3)
[    0.088076] Performance Events: unsupported p6 CPU model 78 no PMU driver, software events only.
[    0.092058] Hierarchical SRCU implementation.
[    0.096617] NMI watchdog: Perf event create on CPU 0 failed with -2
[    0.100003] NMI watchdog: Perf NMI watchdog permanently disabled
[    0.104058] smp: Bringing up secondary CPUs ...
[    0.108107] x86: Booting SMP configuration:
[    0.112004] .... node  #0, CPUs:      #1
[    0.004000] kvm-clock: cpu 1, msr 0:7ff44041, secondary cpu clock
[    0.004000] mce: CPU supports 0 MCE banks
[    0.134259] smp: Brought up 1 node, 2 CPUs
[    0.136010] smpboot: Max logical packages: 1
[    0.140010] smpboot: Total of 2 processors activated (11231.99 BogoMIPS)
[    0.144195] devtmpfs: initialized
[    0.148075] x86/mm: Memory block size: 128MB
[    0.152269] evm: security.selinux
[    0.156012] evm: security.SMACK64
[    0.160005] evm: security.SMACK64EXEC
[    0.164007] evm: security.SMACK64TRANSMUTE
[    0.168006] evm: security.SMACK64MMAP
[    0.172005] evm: security.apparmor
[    0.176009] evm: security.ima
[    0.180006] evm: security.capability
[    0.184157] clocksource: jiffies: mask: 0xffffffff max_cycles: 0xffffffff, max_idle_ns: 7645041785100000 ns
[    0.188017] futex hash table entries: 512 (order: 3, 32768 bytes)
[    0.192088] pinctrl core: initialized pinctrl subsystem
[    0.196124] RTC time: 21:37:38, date: 10/24/18
[    0.200185] NET: Registered protocol family 16
[    0.204094] audit: initializing netlink subsys (disabled)
[    0.208069] audit: type=2000 audit(1540417050.587:1): state=initialized audit_enabled=0 res=1
[    0.324011] cpuidle: using governor ladder
[    0.332009] cpuidle: using governor menu
[    0.336050] ACPI: bus type PCI registered
[    0.340006] acpiphp: ACPI Hot Plug PCI Controller Driver version: 0.5
[    0.344104] PCI: Using configuration type 1 for base access
[    0.352055] HugeTLB registered 2.00 MiB page size, pre-allocated 0 pages
[    0.356108] ACPI: Added _OSI(Module Device)
[    0.360010] ACPI: Added _OSI(Processor Device)
[    0.364019] ACPI: Added _OSI(3.0 _SCP Extensions)
[    0.368007] ACPI: Added _OSI(Processor Aggregator Device)
[    0.369991] ACPI: Added _OSI(Linux-Dell-Video)
[    0.372004] ACPI: Added _OSI(Linux-Lenovo-NV-HDMI-Audio)
[    0.376141] ACPI: Executed 1 blocks of module-level executable AML code
[    0.387060] ACPI: Interpreter enabled
[    0.388027] ACPI: (supports S0 S5)
[    0.392006] ACPI: Using IOAPIC for interrupt routing
[    0.396289] PCI: Using host bridge windows from ACPI; if necessary, use "pci=nocrs" and report a bug
[    0.400158] ACPI: Enabled 2 GPEs in block 00 to 07
[    0.409193] ACPI: PCI Root Bridge [PCI0] (domain 0000 [bus 00-ff])
[    0.412017] acpi PNP0A03:00: _OSC: OS supports [ASPM ClockPM Segments MSI]
[    0.416049] acpi PNP0A03:00: _OSC: not requesting OS control; OS requires [ExtendedConfig ASPM ClockPM MSI]
[    0.420022] acpi PNP0A03:00: fail to add MMCONFIG information, can't access extended PCI configuration space under this bridge.
[    0.424500] PCI host bridge to bus 0000:00
[    0.428014] pci_bus 0000:00: root bus resource [io  0x0000-0x0cf7 window]
[    0.432009] pci_bus 0000:00: root bus resource [io  0x0d00-0xffff window]
[    0.436010] pci_bus 0000:00: root bus resource [mem 0x000a0000-0x000bffff window]
[    0.440009] pci_bus 0000:00: root bus resource [mem 0x80000000-0xfdffffff window]
[    0.444009] pci_bus 0000:00: root bus resource [bus 00-ff]
[    0.449790] pci 0000:00:01.1: legacy IDE quirk: reg 0x10: [io  0x01f0-0x01f7]
[    0.452010] pci 0000:00:01.1: legacy IDE quirk: reg 0x14: [io  0x03f6]
[    0.456035] pci 0000:00:01.1: legacy IDE quirk: reg 0x18: [io  0x0170-0x0177]
[    0.460011] pci 0000:00:01.1: legacy IDE quirk: reg 0x1c: [io  0x0376]
[    0.497010] pci 0000:00:07.0: quirk: [io  0x4000-0x403f] claimed by PIIX4 ACPI
[    0.500023] pci 0000:00:07.0: quirk: [io  0x4100-0x410f] claimed by PIIX4 SMB
[    0.521702] ACPI: PCI Interrupt Link [LNKA] (IRQs 5 9 10 *11)
[    0.524311] ACPI: PCI Interrupt Link [LNKB] (IRQs 5 9 *10 11)
[    0.528129] ACPI: PCI Interrupt Link [LNKC] (IRQs 5 *9 10 11)
[    0.532143] ACPI: PCI Interrupt Link [LNKD] (IRQs 5 9 10 *11)
[    0.536462] SCSI subsystem initialized
[    0.540097] pci 0000:00:02.0: vgaarb: setting as boot VGA device
[    0.544000] pci 0000:00:02.0: vgaarb: VGA device added: decodes=io+mem,owns=io+mem,locks=none
[    0.544010] pci 0000:00:02.0: vgaarb: bridge control possible
[    0.548005] vgaarb: loaded
[    0.552048] ACPI: bus type USB registered
[    0.556037] usbcore: registered new interface driver usbfs
[    0.560026] usbcore: registered new interface driver hub
[    0.564037] usbcore: registered new device driver usb
[    0.568118] EDAC MC: Ver: 3.0.0
[    0.572234] PCI: Using ACPI for IRQ routing
[    0.576450] NetLabel: Initializing
[    0.580005] NetLabel:  domain hash size = 128
[    0.584006] NetLabel:  protocols = UNLABELED CIPSOv4 CALIPSO
[    0.588036] NetLabel:  unlabeled traffic allowed by default
[    0.592095] clocksource: Switched to clocksource kvm-clock
[    0.620914] VFS: Disk quotas dquot_6.6.0
[    0.625371] VFS: Dquot-cache ha tle entries:12 (orer 0, 496byte
[    0.890409] pAmo ApAmor FilesysteEnabled
[    1.109276pn P ACPI in
  1.02722] pnp: PnP ACPI found 3 devices
[    438042] clocksource: acpi_pm mask: 0xffffff max_cycles: 0xffffff, max_idle_ns: 08014 
[   .67099 NET: Regieredprocol faly
[    1.983921] TCP established hash table entries: 16384 (order: 5, 131072 bytes)
    2117TC bind hash table entries: 16384 (order: 6, 262144 bytes)
[  25808 TP: Hash tables configured stablisd 16384 nd634)[  29796UD hh blenie: 1024 (order: 3, 32768 bytes)
[  3075]UDLi hh talentri: 1024 rder: 3, 768 bytes)[    4.0516] NET: Registered protocol family 1
[    4991] ci00:00:00.0: Limiting direct PCI/PCI transfers
[    4.0113] p 0000:0:00:ctatg ISDMhanworkound
[    5.022559] pci 00:00:02. Video device with shadowed ROM at [mem 0x000c00000x00ffff]
[    5.247237] Unpacking initramfs...
[    5.520737] Freeing initrd memory: 18968K
[    5.555956] platform rtc_cmos: registered platform RTC device (no PNP device found)
[    5.732836] Scanning for low memory corruption every 60 seconds
[    5.849378] Initialise system trusted keyrings
[    5.863479] Key type blacklist registered
[    5.904400] workingset: timestamp_bits=36 max_order=19 bucket_order=0
[    5.967032] zbud: loaded
[    5.990518] squashfs: version 4.0 (2009/01/31) Phillip Lougher
[    6.165789] fuse init (API version 7.26)
[    6.277410] Key type asymmetric registered
[    6.364312] Asymmetric key parser 'x509' registered
[    ..584847] tsc: Refined TSC clocksource calibration: 2816.503 MHz
[    6.591198] Block layer SCSI generic (bsg) driver version 0.4 loaded (major 246)
[    6.591247] io scheduler noop registered
[    6.591248] io scheduler deadline registered
[    6.591309] io scheduler cfq registered (default)
[    7.226547] clocksource: tsc: mask: 0xffffffffffffffff max_cycles: 0x289926ce8ed, max_idle_ns: 440795342948 ns
[    7.409997] ACPI: AC Adapter [AC] (on-line)
[    7.470768] input: Power Bton as /deves/LNXSTM:00/LPWRBN:00/iut/input0

[    7.745244] ACPI: Power Button [PWRF]
[   .8361] int:Slp utton as /vics/LNXSYSTM:00/LNXSLPBN:00/input/input1
[    8.189383] ACPI: Sleep Buttn [PF]

[    8.278349] Serial: 825016550river, 32 ports, IRQ aring enabled
[    8.279150] ACPI: Battery Slot [BAT0] (battery present)
[    8.607139] 00:02: ttyS0 at I/O 0x3f8 (irq = 4, base_baud = 115200) is a 16550A
[    8.680089] Linux agpgart interface v0.103
[    8.73119 lp:ode loade

[    8.969872] si host0: ata_piix

[    9.028579] csi ht1: ata_piix
[    9.141374] ata1: PATA maxUD/33 d x1 c 0x3f6 bmdma 0xd000 irq 14
[    9.442697] ata2PATA max UDMA3 d 0x10 ctl 0x6 dma 0xd008 i 15

[    9.757161] lihyFied MDIO Bs: probed
[    9.922557] tun: Universl N/TAP device driver, 1.6

[   10.036750] PPP generic driver version 2.4.2
[  1.003 ei_hcd: B 2.0 'Enncd' Host Controller (EHCI) Driver
[   14747] ehci-pci: EHCICI atform driver
[   10.675493] ehci-platform: EHCI generic platform driver
[  0.68077] ci_hd: US1.1 'On' st Ctrle (CI) Dver
[   11.207877] ohci-pci: OHCI PCI platform driver
[   11.267500] ohci-platrm: OH generiplatform driver
[   11.426127uhcicd: USUnivrsal HosCorolr Interface driver
[   .74688 i804 PP: PS/2ontrolr NP03:PS2K,PNP0f03:PS2M] at 0x60,0x64 irq 1,12
[   12.150027] serio: i8042 KBD port at 0x60,0x64 irq 1
[   12.9824serioi8042 AUX port atx60,0x6 irq 12
[   12.544460] mousedev: PS/2 mouse device common for all mice
[   12.665379] rtc_cmos rtc_cmos: rtc core: registered rtc_cmos as rtc0
[   12.741149] rtc_cmos rtc_cmos: alarms up to one day, 114 bytes nvram
[   12.789751] i2c /dev entries driver
[   12.845504] input: AT Translated Set 2 keyboard as /devices/platform/i8042/serio0/input/input2
[   12.971496] pcie_mp2_amd: AMD(R) PCI-E MP2 Communication Driver Version: 1.0
[   13.182100] device-mapper: uevent: version 1.0.3
[   13.302121] device-mapper: ioctl: 4.37.0-ioctl (2017-09-20) initialised: dm-devel@redhat.com
[   13.451462] ledtrig-cpu: registered to indicate activity on CPUs
[   13.528869] NET: Registered protocol family 10
[   13.599452] Segment Routing with IPv6
[   13.643177] NET: Registered protocol family 17
[   13.707492] Key type dns_resolver registered
[   13.740591] RAS: Correctable Errors collector initialized.
[   13.794229] sched_clock: Marking stable (13794165597, 0)->(28988492868, -15194327271)
[   13.872884] registered taskstats version 1
[   13.932857] Loading compiled-in X.509 certificates
[   13.962702] Loaded X.509 cert 'Build time autogenerated kernel key: fcd93cd0852f7ae1da10896371e06e3c19479c00'
[   14.074343] zswap: loaded using pool lzo/zbud
[   14.100629] Key type big_key registered
[   14.141728] Key type trusted registered
[   14.187381] Key type encrypted registered
[   14.245119] AppArmor: AppArmor sha1 policy hashing enabled
[   14.317808] ima: No TPM chip found, activating TPM-bypass! (rc=-19)
[   14.412002] ima: Allocated hash algorithm: sha1
[   14.443080] evm: HMAC attrs: 0x1
[   14.494647]   Magic number: 6:638:652
[   14.522962] rtc_cmos rtc_cmos: setting system clock to 2018-10-24 21:37:55 UTC (1540417075)
[   14.567283] BIOS EDD facility v0.16 2004-Jun-25, 0 devices found
[   14.569686] EDD information not available.
[   14.635735] Freeing unused kernel memory: 2408K
[   15.297996] Write protecting the kernel read-only data: 20480k
[   15.385838] Freeing unused kernel memory: 2008K
[   15.459191] Freeing unused kernel memory: 1896K
[   15.551192] x86/mm: Checked W+X mappings: passed, no W+X pages found.
[   16.420551] x86/mm: Checking user space page tables
[   16.483307] x86/mm: Checked W+X mappings: passed, no W+X pages found.
Loading, please wait...
starting version 237
[   17.195921] e1000: Intel(R) PRO/1000 Network Driver - version 7.3.21-k8-NAPI
[   17.284954] e1000: Copyright (c) 1999-2006 Intel Corporation.
[   17.449537] Fusion MPT base driver 3.04.20
[   17.539390] Copyright (c) 1999-2008 LSI Corporation
[   17.684788] Fusion MPT SPI Host driver 3.04.20
[   17.777184] AVX2 version of gcm_enc/dec engaged.
[   17.841813] AES CTR mode by8 optimization enabled
[   17.885224] input: ImExPS/2 Generic Explorer Mouse as /devices/platform/i8042/serio1/input/input4
[   18.175938] e1000 0000:00:03.0 eth0: (PCI:33MHz:32-bit) 02:7c:eb:a0:02:29
[   18.401194] e1000 0000:00:03.0 eth0: Intel(R) PRO/1000 Network Connection
[   18.534949] mptbase: ioc0: Initiating bringup
[   18.776816] ioc0: LSI53C1030 A0: Capabilities={Initiator}
[   19.165494] scsi host2: ioc0: LSI53C1030 A0, FwRev=00000000h, Ports=1, MaxQ=256, IRQ=20
[   19.354168] scsi 2:0:0:0: Direct-Access     VBOX     HARDDISK         1.0  PQ: 0 ANSI: 5
[   19.706941] scsi target2:0:0: Beginning Domain Validation
[   19.732252] e1000 0000:00:08.0 eth1: (PCI:33MHz:32-bit) 08:00:27:3e:4d:5d
[   19.732257] e1000 0000:00:08.0 eth1: Intel(R) PRO/1000 Network Connection
[   20.034819] e1000 0000:00:03.0 enp0s3: renamed from eth0
[   20.349208] scsi target2:0:0: Domain Validation skipping write tests
[   20.415847] scsi target2:0:0: Ending Domain Validation
[   20.419530] scsi target2:0:0: asynchronous
[   20.424980] e1000 0000:00:08.0 enp0s8: renamed from eth1
[   20.620914] scsi 2:0:1:0: Direct-Access     VBOX     HARDDISK         1.0  PQ: 0 ANSI: 5
[   20.660164] scsi target2:0:1: Beginning Domain Validation
[   20.733644] random: fast init done
[   20.746824] scsi target2:0:1: Domain Validation skipping write tests
[   21.055662] scsi target2:0:1: Ending Domain Validation
[   21.486344] scsi target2:0:1: asynchronous
[   22.131911] random: systemd-udevd: uninitialized urandom read (16 bytes read)
[   22.138058] sd 2:0:0:0: Attached scsi generic sg0 type 0
[   22.138160] sd 2:0:1:0: Attached scsi generic sg1 type 0
[   22.138506] sd 2:0:0:0: [sda] 20971520 512-byte logical blocks: (10.7 GB/10.0 GiB)
[   22.138538] sd 2:0:0:0: [sda] Write Protect is off
[   22.138622] sd 2:0:0:0: [sda] Incomplete mode parameter data
[   22.138623] sd 2:0:0:0: [sda] Assuming drive cache: write through
[   22.140632]  sda: sda1
[   22.140969] sd 2:0:0:0: [sda] Attached SCSI disk
[   22.141082] sd 2:0:1:0: [sdb] 20480 512-byte logical blocks: (10.5 MB/10.0 MiB)
[   22.141111] sd 2:0:1:0: [sdb] Write Protect is off
[   22.141185] sd 2:0:1:0: [sdb] Incomplete mode parameter data
[   22.141186] sd 2:0:1:0: [sdb] Assuming drive cache: write through
[   22.142705] sd 2:0:1:0: [sdb] Attached SCSI disk
[   24.270781] random: systemd-udevd: uninitialized urandom read (16 bytes read)
[   24.321343] random: systemd-udevd: uninitialized urandom read (16 bytes read)
[   24.392078] random: systemd-udevd: uninitialized urandom read (16 bytes read)
Begin: Loading essential drivers ... [   25.848069] raid6: sse2x1   gen() 10482 MB/s
[   25.944059] raid6: sse2x1   xor()  7937 MB/s
[   26.004028] raid6: sse2x2   gen() 13666 MB/s
[   26.072069] raid6: sse2x2   xor()  9045 MB/s
[   26.172041] raid6: sse2x4   gen() 10490 MB/s
[   26.244034] raid6: sse2x4   xor()  9546 MB/s
[   26.388026] raid6: avx2x1   gen() 22106 MB/s
[   26.476026] raid6: avx2x1   xor() 15068 MB/s
[   26.550692] raid6: avx2x2   gen() 28842 MB/s
[   26.632026] raid6: avx2x2   xor() 16138 MB/s
[   26.732012] raid6: avx2x4   gen() 29879 MB/s
[   26.804028] raid6: avx2x4   xor() 18623 MB/s
[   26.834920] raid6: using algorithm avx2x4 gen() 29879 MB/s
[   26.877378] raid6: .... xor() 18623 MB/s, rmw enabled
[   26.951125] raid6: using avx2x2 recovery algorithm
[   27.004373] xor: automatically using best checksumming function   avx       
[   27.256600] async_tx: api initialized (async)
done.
Begin: Running /scripts/init-premount ... done.[   27.436753] Btrfs loaded, crc32c=crc32c-intel

Begin: Mounting root file syste[   27.580292] EXT4-fs (sda1): mounted filesystem with ordered data mode. Opts: (null)
m ... Begin: Running /scripts/local-top ... done.
Begin: Running /scripts/local-premount ... Scanning for Btrfs filesystems
done.
Warning: fsck not present, so skipping root file system
done.
Begin: Running /scripts/local-bottom ... done.
Begin: Running /scripts/init-bottom ... done.
[   27.927543] ip_tables: (C) 2000-2006 Netfilter Core Team
[   28.141168] systemd[1]: systemd 237 running in system mode. (+PAM +AUDIT +SELINUX +IMA +APPARMOR +SMACK +SYSVINIT +UTMP +LIBCRYPTSETUP +GCRYPT +GNUTLS +ACL +XZ +LZ4 +SECCOMP +BLKID +ELFUTILS +KMOD -IDN2 +IDN -PCRE2 default-hierarchy=hybrid)
[   29.199526] systemd[1]: Detected virtualization oracle.
[   29.245594] systemd[1]: Detected architecture x86-64.

Welcome to [1mUbuntu 18.04.1 LTS[0m!

[   29.338748] systemd[1]: Set hostname to <victim>.
[   29.878101] systemd[1]: Started Forward Password Requests to Wall Directory Watch.
[[0;32m  OK  [0m] Started Forward Password Requests to Wall Directory Watch.
[   30.041904] systemd[1]: Created slice System Slice.
[[0;32m  OK  [0m] Created slice System Slice.
[   30.105932] systemd[1]: Listening on LVM2 poll daemon socket.
[[0;32m  OK  [0m] Listening on LVM2 poll daemon socket.
[   30.260328] systemd[1]: Listening on Journal Socket.
[[0;32m  OK  [0m] Listening on Journal Socket.
[   30.494879] systemd[1]: Starting Remount Root and Kernel File Systems...
         Starting Remount Root a[   30.581803] EXT4-fs (sda1): re-mounted. Opts: (null)
nd Kernel File Systems...
[   31.513335] systemd[1]: Starting Set the console keyboard layout...
[   31.579057] random: crng init done
[   31.579058] random: 6 urandom warning(s) missed due to ratelimiting
         Starting Set the console keyboard layout...
[[0;32m  OK  [0m] Listening on LVM2 metadata daemon socket.
[[0;32m  OK  [0m] Created slice system-postfix.slice.
         Starting Load Kernel Modules...
[   31.902778] Loading iSCSI transport class v2.0-870.
[[0;32m  OK  [[   32.039241] iscsi: registered transport (tcp)
0m] Listening on Network Service[   32.352989] iscsi: registered transport (iser)
 Netlink Socket.
         Mounting Kernel Debug File System...
         Mounting RPC Pipe File System...
[[0;32m  OK  [0m] Reached target Swap.
[[0;32m  OK  [0m] Created slice system-serial\x2dgetty.slice.
[[0;32m  OK  [0m] Listening on Journal Socket [   32.510885] RPC: Registered named UNIX socket transport module.
(/dev/log).
[   33.462355] RPC: Registered udp transport module.
[   33.536714] RPC: Registered tcp transport module.
[   33.540326] systemd[1]: Listening on Journal Audit Socket.
[   33.628617] RPC: Registered tcp NFSv4.1 backchannel transport module.
[[0;32m  OK  [0m] Listening on Journal Audit Socket.
[   33.780242] systemd[1]: Reached target System Time Synchronized.
[[0;32m  OK  [0m] Reached target System Time Synchronized.
[   34.060284] systemd[1]: Listening on RPCbind Server Activation Socket.
[[0;32m  OK  [0m] Listening on RPCbind Server Activation Socket.
[   34.286884] systemd[1]: Mounting POSIX Message Queue File System...
         Mounting POSIX Message Queue File System...
[   34.505029] systemd[1]: Mounting Huge Pages File System...
         Mounting Huge Pages File System...
[   34.712523] systemd[1]: Starting Create list of required static device nodes for the current kernel...
         Starting Create list of required st…ce nodes for the current kernel...
[   35.132270] systemd[1]: Listening on udev Kernel Socket.
[[0;32m  OK  [0m] Listening on udev Kernel Socket.
[   35.325675] systemd[1]: Created slice User and Session Slice.
[[0;32m  OK  [0m] Created slice User and Session Slice.
[   35.582410] systemd[1]: Reached target Slices.
[[0;32m  OK  [0m] Reached target Slices.
[   35.792330] systemd[1]: Listening on Device-mapper event daemon FIFOs.
[[0;32m  OK  [0m] Listening on Device-mapper event daemon FIFOs.
[[0;32m  OK  [0m] Reached target User and Group Name Lookups.
[[0;32m  OK  [0m] Listening on Syslog Socket.
         Starting Journal Service...
         Starting Monitoring of LVM2 mirrors…ng dmeventd or progress polling...
[[0;32m  OK  [0m] Listening on /dev/initctl Compatibility Named Pipe.
         Starting Uncomplicated firewall...
[[0;32m  OK  [0m] Set up automount Arbitrary Executab…rmats File System Automount Point.
[[0;32m  OK  [0m] Listening on udev Control Socket.
         Starting udev Coldplug all Devices...
[[0;32m  OK  [0m] Started Journal Service.
[[0;32m  OK  [0m] Started Remount Root and Kernel File Systems.
[[0;32m  OK  [0m] Started Set the console keyboard layout.
[[0;32m  OK  [0m] Started Load Kernel Modules.
[[0;32m  OK  [0m] Mounted Kernel Debug File System.
[[0;32m  OK  [0m] Mounted RPC Pipe File System.
[[0;32m  OK  [0m] Mounted POSIX Message Queue File System.
[[0;32m  OK  [0m] Mounted Huge Pages File System.
[[0;32m  OK  [0m] Started Create list of required sta…vice nodes for the current kernel.
[[0;32m  OK  [0m] Started Uncomplicated firewall.
[[0;32m  OK  [0m] Started LVM2 metadata daemon.
         Starting Create Static Device Nodes in /dev...
         Mounting FUSE Control File System...
         Starting Apply Kernel Variables...
         Mounting Kernel Configuration File System...
         Starting Load/Save Random Seed...
         Starting Initial cloud-init job (pre-networking)...
         Starting Flush Journal to Persistent Storage...
[[0;32m  OK  [0m] Started Monitoring of LVM2 mirrors,…sing dmeventd or progress polling.
[[0;32m  OK  [0m] Started udev Coldplug all Devices.
[[0;32m  OK  [0m] Started Create Static Device Nodes in /dev.
[[0;32m  OK  [0m] Mounted FUSE Control File System.
[[0;32m  OK  [0m] Started Apply Kernel Variables.
[[0;32m  OK  [0m] Mounted Kernel Configuration File System.
[[0;32m  OK  [0m] Started Load/Save Random Seed.
         Starting udev Kernel Device Manager...
[[0;32m  OK  [0m] Reached target Local File Systems (Pre).
[[0;32m  OK  [0m] Reached target Local File Systems.
         Starting AppArmor initialization...
         Starting Set console font and keymap...
         Starting ebtables ruleset management...
         Starting Preprocess NFS configuration...
         Starting Tell Plymouth To Write Out Runtime Data...
[[0;32m  OK  [0m] Started udev Kernel Device Manager.
[[0;32m  OK  [0m] Started Set console font and keymap.
[[0;32m  OK  [0m] Started Preprocess NFS configuration.
[[0;32m  OK  [0m] Started Tell Plymouth To Write Out Runtime Data.
[[0;32m  OK  [0m] Found device /dev/ttyS0.
[[0;32m  OK  [0m] Started ebtables ruleset management.
[[0;32m  OK  [0m] Listening on Load/Save RF Kill Switch Status /dev/rfkill Watch.
[[0;32m  OK  [0m] Reached target NFS client services.
[[0;32m  OK  [0m] Started Dispatch Password Requests to Console Directory Watch.
[[0;32m  OK  [0m] Reached target Local Encrypted Volumes.
[[0;32m  OK  [0m] Started Flush Journal to Persistent Storage.
[[0;32m  OK  [0m] Started AppArmor initialization.
         Starting Create Volatile Files and Directories...
[   39.077057] cloud-init[417]: Cloud-init v. 18.3-9-g2e62cb8a-0ubuntu1~18.04.2 running 'init-local' at Wed, 24 Oct 2018 21:38:19 +0000. Up 38.64 seconds.
[[0;32m  OK  [0m] Started Create Volatile Files and Directories.
[[0;32m  OK  [0m] Started Initial cloud-init job (pre-networking).
[[0;32m  OK  [0m] Reached target Network (Pre).
         Starting Network Service...
         Starting Update UTMP about System Boot/Shutdown...
         Starting RPC bind portmap service...
[[0;32m  OK  [0m] Started Network Service.
         Starting Wait for Network to be Configured...
         Starting Network Name Resolution...
[[0;32m  OK  [0m] Started RPC bind portmap service.
[[0;32m  OK  [0m] Reached target RPC Port Mapper.
[[0;32m  OK  [0m] Started Update UTMP about System Boot/Shutdown.
[[0;32m  OK  [0m] Started Network Name Resolution.
[[0;32m  OK  [0m] Reached target Host and Network Name Lookups.
[[0;32m  OK  [0m] Reached target Network.
[[0;32m  OK  [0m] Started Wait for Network to be Configured.
         Starting Initial cloud-init job (metadata service crawler)...
[   41.974677] cloud-init[744]: Cloud-init v. 18.3-9-g2e62cb8a-0ubuntu1~18.04.2 running 'init' at Wed, 24 Oct 2018 21:38:22 +0000. Up 41.63 seconds.
[[0;32m  OK  [0m] Started Initial cloud-init job (metadata service crawler).
[   42.138590] cloud-init[744]: ci-info: ++++++++++++++++++++++++++++++++++++++Net device info+++++++++++++++++++++++++++++++++++++++[
[0;32m  OK  [0m] Reached target Network is Online.
         Starting Availability of block devices...
[[0;32m  OK  [0m] Reached target Remote File Systems (Pre).
[[0;32m  OK  [0m] Reached target Remote File Systems.
[   42.366540] cloud-init[744]: ci-info: +--------+------+-----------------------------+---------------+--------+-------------------+
[   42.553172] cloud-init[744]: ci-info: | Device |  Up  |           Address           |      Mask     | Scope  |     Hw-Address    |
[[0;32m  OK  [0m] Reached target System Initialization.
[   42.622257] cloud-init[744]: ci-info: +--------+------+-----------------------------+---------------+--------+-------------------+
[   42.752774] cloud-init[744]: ci-info: | enp0s3 | True |          10.0.2.15          | 255.255.255.0 | global | 02:7c:eb:a0:02:29 |
[   42.901110] cloud-init[744]: ci-info: | enp0s3 | True |  fe80::7c:ebff:fea0:229/64  |       .       |  link  | 02:7c:eb:a0:02:29 |
[[0;32m  OK  [0m] Started Clean PHP session files every 30 mins.
[[0;32m  OK  [0m] Started Daily Cleanup of Temporary Directories.
[[0;32m  OK  [0m] Started Daily apt download activities.
[[0;32m  OK  [0m] Started Daily apt upgrade and clean activities.
[   43.026940] cloud-init[744]: ci-info: | enp0s8 | True |        192.168.33.10        | 255.255.255.0 | global | 08:00:27:3e:4d:5d |
         Starting LXD - unix socket.
[   43.345879] cloud-init[[0;32m  OK  [0m] Started Message of the Day.
[[0;32m  OK  [0m] Listening on D-Bus System Message Bus Socket.
[744]: ci-info: | enp0s8 | True | fe80::a00:27ff:fe3e:4d5d/64 |       .       |  link  | 08:00:27:3e:4d:5d |
[[0;32m  OK  [0m] Started Discard unused blocks once a week.
[[0;32m  OK  [0m] Reached target Timers.
[[0;32m  OK  [0m] Listening on ACPID Listen Socket.
[[0;32m  OK  [0m] Started ACPI Events Check.
[[0;32m  OK  [0m] Reached target Paths.
[[0;32m  OK  [0m] Listening on Open-iSCSI iscsid Socket.
[   43.742120] cloud-init[744]: ci-info: |   lo   | True |          127.0.0.1          |   255.0.0.0   |  host  |         .         |
[[0;32m  OK  [0m] Listening on UUID daemon activation socket.
[   43.854208] cloud-init[744]: ci-info: |   lo   | True |           ::1/128           |       .       |  host  |         .         |
         Starting Socket activation for snappy daemon.
[[0;32m  OK  [0m] Reached target Cloud-config availability.
[[0;32m  OK  [0m] Started Availability of block devices.
[[0;32m  OK  [0m] Listening on LXD - unix socket.
[   44.078600] cloud-init[744]: ci-info: +--------+------+-----------------------------+---------------+--------+-------------------+
[[0;32m  OK  [0m] Listening on Socket activation for snappy daemon.
[   44.476862] [cloud-init[0;32m  OK  [0m[744]: ] ci-info: +++++++++++++++++++++++++++++Route IPv4 info+++++++++++++++++++++++++++++Reached target Sockets.

[   44.639855] [[0;32m  OK  [0m] Reached target Basic System.
cloud-init[744]: ci-info: +-------+--------------+----------+-----------------+-----------+-------+
         Starting LSB: automatic crash report generation...
[   44.841606] cloud-init[744]: ci-info: | Route | Destination  | Gateway  |     Genmask     | Interface | Flags |
[   45.033221] cloud-init[744]: ci-info: +-------+--------------+----------+-----------------+-----------+-------+
         Starting LSB: Record successful boot for GRUB...
[   45.124689] cloud-init[744]: ci-info: |   0   |   0.0.0.0    | 10.0.2.2 |     0.0.0.0     |   enp0s3  |   UG  |
         Starting Accounts Service...
[   45.308237] cloud-init[744]: ci-info: |   1   |   10.0.2.0   | 0.0.0.0  |  255.255.255.0  |   enp0s3  |   U   |
         Starting Login Service...
[   45.448517] cloud-init[744]: ci-info: |   2   |   10.0.2.2   | 0.0.0.0  | 255.255.255.255 |   enp0s3  |   UH  |
         Starting vboxadd.service...
         Starting The Apache HTTP Server...
         Starting Postfix Mail Transport Agent (instance -)...
[   45.550464] cloud-init[744]: ci-info: |   3   | 192.168.33.0 | 0.0.0.0  |  255.255.255.0  |   enp0s8  |   U   |
[   45.654100] cloud-init[744]: ci-info: +-------+--------------+----------+-----------------+-----------+-------+
         Starting Dispatcher daemon for systemd-networkd...
         Starting System Logging Service...
[   45.742310] cloud-init[744]: ci-info: +++++++++++++++++++Route IPv6 info+++++++++++++++++++
[   45.785894] cloud-init[744]: ci-info: +-------+-------------+---------+-----------+-------+
[   45.788582] cloud-init[744]: ci-info: | Route | Destination | Gateway | Interface | Flags |
[   45.791471] cloud-init[744]: ci-info: +-------+-------------+---------+-----------+-------+
[   45.794309] cloud-init[744]: ci-info: |   1   |  fe80::/64  |    ::   |   enp0s8  |   U   |
[   45.796800] cloud-init[744]: ci-info: |   2   |  fe80::/64  |    ::   |   enp0s3  |   U   |
[   45.800229] cloud-init[744]: ci-info: |   4   |    local    |    ::   |   enp0s3  |   U   |
[   45.802744] cloud-init[744]: ci-info: |   5   |    local    |    ::   |   enp0s8  |   U   |
[   45.805405] cloud-init[744]: ci-info: |   6   |   ff00::/8  |    ::   |   enp0s8  |   U   |
[   45.807922] cloud-init[744]: ci-info: |   7   |   ff00::/8  |    ::   |   enp0s3  |   U   |
[   45.810709] cloud-init[744]: ci-info: +-------+-------------+---------+-----------+-------+
[[0;32m  OK  [0m] Started Elasticsearch.
[[0;32m  OK  [0m] Started FUSE filesystem for LXC.
         Starting Permit User Sessions...
[[0;32m  OK  [0m] Started Unattended Upgrades Shutdown.
[[0;32m  OK  [0m] Started Deferred execution scheduler.
         Starting Snappy daemon...
[[0;32m  OK  [0m] Started irqbalance daemon.
         Starting OpenBSD Secure Shell server...
[[0;32m  OK  [0m] Started Regular background program processing daemon.
[[0;32m  OK  [0m] Started D-Bus System Message Bus.
[[0;32m  OK  [0m] Started Login Service.
         Starting LXD - container startup/shutdown...
[[0;32m  OK  [0m] Started System Logging Service.
[[0;32m  OK  [0m] Started Snappy daemon.
[[0;32m  OK  [0m] Started vboxadd.service.
[[0;32m  OK  [0m] Started Dispatcher daemon for systemd-networkd.
[[0;32m  OK  [0m] Started The Apache HTTP Server.
[[0;32m  OK  [0m] Started Permit User Sessions.
[[0;32m  OK  [0m] Started LXD - container startup/shutdown.
[[0;32m  OK  [0m] Started OpenBSD Secure Shell server.
[[0;32m  OK  [0m] Started LSB: automatic crash report generation.
         Starting Authorization Manager...
         Starting Terminate Plymouth Boot Screen...
         Starting Hold until boot process finishes up...
         Starting vboxadd-service.service...
         Starting Wait until snapd is fully seeded...
[[0;32m  OK  [0m] Started LSB: Record successful boot for GRUB.
[[0;32m  OK  [0m] Started Terminate Plymouth Boot Screen.
[[0;32m  OK  [0m] Started Postfix Mail Transport Agent (instance -).
[[0;32m  OK  [0m] Started Hold until boot process finishes up.
[[0;32m  OK  [0m] Started vboxadd-service.service.
[[0;32m  OK  [0m] Started Wait until snapd is fully seeded.
[[0;32m  OK  [0m] Started Authorization Manager.
[[0;32m  OK  [0m] Started Accounts Service.
[[0;32m  OK  [0m] Created slice User Slice of vagrant.
         Starting Apply the settings specified in cloud-config...
         Starting Set console scheme...
[[0;32m  OK  [0m] Started Serial Getty on ttyS0.
         Starting Postfix Mail Transport Agent...
[[0;32m  OK  [0m] Started Set console scheme.
[[0;32m  OK  [0m] Started Postfix Mail Transport Agent.
         Starting User Manager for UID 1000...
[[0;32m  OK  [0m] Created slice system-getty.slice.
[[0;32m  OK  [0m] Started Getty on tty1.
[[0;32m  OK  [0m] Reached target Login Prompts.
[[0;32m  OK  [0m] Reached target Multi-User System.
[[0;32m  OK  [0m] Reached target Graphical Interface.
         Starting Update UTMP about System Runlevel Changes...
[[0;32m  OK  [0m] Started User Manager for UID 1000.
[   48.662497] cloud-init[1600]: Cloud-init v. 18.3-9-g2e62cb8a-0ubuntu1~18.04.2 running 'modules:config' at Wed, 24 Oct 2018 21:38:29 +0000. Up 48.43 seconds.[[0;32m  OK  [0m] Started Apply the settings specified in cloud-config.
[[0;32m  OK  [0m] Started Session 1 of user vagrant.
         Starting Execute cloud user/final scripts...
[[0;32m  OK  [0m] Started Update UTMP about System Runlevel Changes.

[   49.594419] cloud-init[1711]: Cloud-init v. 18.3-9-g2e62cb8a-0ubuntu1~18.04.2 running 'modules:final' at Wed, 24 Oct 2018 21:38:30 +0000. Up 49.34 seconds.
[   49.631495] cloud-init[1711]: Cloud-init v. 18.3-9-g2e62cb8a-0ubuntu1~18.04.2 finished at Wed, 24 Oct 2018 21:38:30 +0000. Datasource DataSourceNoCloud [seed=/dev/sdb][dsmode=net].  Up 49.58 seconds
[[0;32m  OK  [0m] Started Execute cloud user/final scripts.
[[0;32m  OK  [0m] Reached target Cloud-init target.

Ubuntu 18.04.1 LTS victim ttyS0

victim login: 